TN:
SF:index.js
FN:36,(anonymous_0)
FN:49,(anonymous_1)
FNF:2
FNH:0
FNDA:0,(anonymous_0)
FNDA:0,(anonymous_1)
DA:1,1
DA:4,1
DA:5,1
DA:7,1
DA:10,1
DA:11,1
DA:14,1
DA:17,1
DA:19,1
DA:26,1
DA:29,1
DA:32,1
DA:33,1
DA:36,1
DA:37,0
DA:38,0
DA:40,0
DA:45,1
DA:48,1
DA:49,0
DA:52,1
LF:21
LH:17
BRDA:48,0,0,0
BRDA:48,0,1,1
BRF:2
BRH:1
end_of_record
TN:
SF:controllers/auth.js
FN:4,(anonymous_0)
FNF:1
FNH:0
FNDA:0,(anonymous_0)
DA:1,1
DA:5,0
DA:6,0
DA:10,0
DA:12,0
DA:14,0
DA:19,1
LF:7
LH:2
BRF:0
BRH:0
end_of_record
TN:
SF:controllers/transactions.js
FN:4,(anonymous_0)
FN:24,(anonymous_1)
FN:42,(anonymous_2)
FN:58,(anonymous_3)
FN:88,(anonymous_4)
FNF:5
FNH:1
FNDA:0,(anonymous_0)
FNDA:0,(anonymous_1)
FNDA:1,(anonymous_2)
FNDA:0,(anonymous_3)
FNDA:0,(anonymous_4)
DA:1,1
DA:5,0
DA:6,0
DA:8,0
DA:9,0
DA:12,0
DA:13,0
DA:18,0
DA:20,0
DA:25,0
DA:26,0
DA:30,0
DA:31,0
DA:34,0
DA:36,0
DA:38,0
DA:43,1
DA:44,1
DA:46,1
DA:50,1
DA:52,1
DA:54,0
DA:59,0
DA:61,0
DA:75,0
DA:76,0
DA:79,0
DA:82,0
DA:84,0
DA:89,0
DA:90,0
DA:92,0
DA:93,0
DA:96,0
DA:98,0
DA:103,1
LF:36
LH:7
BRDA:8,0,0,0
BRDA:8,0,1,0
BRDA:30,1,0,0
BRDA:30,1,1,0
BRDA:75,2,0,0
BRDA:75,2,1,0
BRDA:92,3,0,0
BRDA:92,3,1,0
BRF:8
BRH:0
end_of_record
TN:
SF:middlewares/auth/index.js
FN:9,(anonymous_0)
FN:10,(anonymous_1)
FN:33,(anonymous_2)
FN:46,(anonymous_3)
FN:47,(anonymous_4)
FN:70,(anonymous_5)
FN:93,(anonymous_6)
FN:94,(anonymous_7)
FN:116,(anonymous_8)
FN:133,(anonymous_9)
FN:134,(anonymous_10)
FN:156,(anonymous_11)
FN:173,(anonymous_12)
FN:174,(anonymous_13)
FN:196,(anonymous_14)
FNF:15
FNH:0
FNDA:0,(anonymous_0)
FNDA:0,(anonymous_1)
FNDA:0,(anonymous_2)
FNDA:0,(anonymous_3)
FNDA:0,(anonymous_4)
FNDA:0,(anonymous_5)
FNDA:0,(anonymous_6)
FNDA:0,(anonymous_7)
FNDA:0,(anonymous_8)
FNDA:0,(anonymous_9)
FNDA:0,(anonymous_10)
FNDA:0,(anonymous_11)
FNDA:0,(anonymous_12)
FNDA:0,(anonymous_13)
FNDA:0,(anonymous_14)
DA:1,1
DA:2,1
DA:3,1
DA:4,1
DA:5,1
DA:6,1
DA:9,1
DA:10,0
DA:11,0
DA:12,0
DA:15,0
DA:16,0
DA:19,0
DA:21,0
DA:25,1
DA:34,0
DA:35,0
DA:37,0
DA:39,0
DA:46,1
DA:47,0
DA:48,0
DA:49,0
DA:52,0
DA:53,0
DA:56,0
DA:58,0
DA:62,1
DA:71,0
DA:72,0
DA:74,0
DA:75,0
DA:78,0
DA:80,0
DA:81,0
DA:84,0
DA:86,0
DA:93,1
DA:94,0
DA:95,0
DA:96,0
DA:99,0
DA:100,0
DA:103,0
DA:105,0
DA:109,1
DA:117,0
DA:118,0
DA:120,0
DA:121,0
DA:124,0
DA:126,0
DA:133,1
DA:134,0
DA:135,0
DA:136,0
DA:139,0
DA:140,0
DA:143,0
DA:145,0
DA:149,1
DA:157,0
DA:158,0
DA:160,0
DA:161,0
DA:164,0
DA:166,0
DA:173,1
DA:174,0
DA:175,0
DA:176,0
DA:179,0
DA:180,0
DA:183,0
DA:185,0
DA:189,1
DA:197,0
DA:198,0
DA:200,0
DA:201,0
DA:204,0
DA:206,0
LF:82
LH:16
BRDA:11,0,0,0
BRDA:11,0,1,0
BRDA:15,1,0,0
BRDA:15,1,1,0
BRDA:48,2,0,0
BRDA:48,2,1,0
BRDA:52,3,0,0
BRDA:52,3,1,0
BRDA:74,4,0,0
BRDA:74,4,1,0
BRDA:80,5,0,0
BRDA:80,5,1,0
BRDA:95,6,0,0
BRDA:95,6,1,0
BRDA:99,7,0,0
BRDA:99,7,1,0
BRDA:120,8,0,0
BRDA:120,8,1,0
BRDA:135,9,0,0
BRDA:135,9,1,0
BRDA:139,10,0,0
BRDA:139,10,1,0
BRDA:160,11,0,0
BRDA:160,11,1,0
BRDA:175,12,0,0
BRDA:175,12,1,0
BRDA:179,13,0,0
BRDA:179,13,1,0
BRDA:200,14,0,0
BRDA:200,14,1,0
BRDA:200,15,0,0
BRDA:200,15,1,0
BRF:32
BRH:0
end_of_record
TN:
SF:middlewares/errorHandler/index.js
FN:1,(anonymous_0)
FNF:1
FNH:1
FNDA:3,(anonymous_0)
DA:1,1
DA:2,3
LF:2
LH:2
BRDA:2,0,0,3
BRDA:2,0,1,0
BRDA:3,1,0,3
BRDA:3,1,1,0
BRF:4
BRH:2
end_of_record
TN:
SF:middlewares/validators/auth.js
FN:3,(anonymous_0)
FN:25,(anonymous_1)
FNF:2
FNH:0
FNDA:0,(anonymous_0)
FNDA:0,(anonymous_1)
DA:1,1
DA:3,1
DA:4,0
DA:5,0
DA:7,0
DA:8,0
DA:11,0
DA:12,0
DA:15,0
DA:16,0
DA:19,0
DA:21,0
DA:25,1
DA:26,0
DA:27,0
DA:29,0
DA:30,0
DA:33,0
DA:34,0
DA:37,0
DA:39,0
LF:21
LH:3
BRDA:7,0,0,0
BRDA:7,0,1,0
BRDA:11,1,0,0
BRDA:11,1,1,0
BRDA:15,2,0,0
BRDA:15,2,1,0
BRDA:29,3,0,0
BRDA:29,3,1,0
BRDA:33,4,0,0
BRDA:33,4,1,0
BRF:10
BRH:0
end_of_record
TN:
SF:middlewares/validators/transactions.js
FN:5,(anonymous_0)
FN:17,(anonymous_1)
FNF:2
FNH:1
FNDA:0,(anonymous_0)
FNDA:4,(anonymous_1)
DA:1,1
DA:2,1
DA:3,1
DA:5,1
DA:6,0
DA:7,0
DA:8,0
DA:11,0
DA:13,0
DA:17,1
DA:18,4
DA:19,4
DA:21,4
DA:22,0
DA:25,4
DA:26,2
DA:29,4
DA:30,2
DA:33,4
DA:34,3
DA:39,1
DA:44,1
DA:45,0
DA:48,1
DA:49,0
DA:52,1
DA:53,1
DA:54,1
DA:56,1
DA:58,0
LF:30
LH:21
BRDA:7,0,0,0
BRDA:7,0,1,0
BRDA:21,1,0,0
BRDA:21,1,1,4
BRDA:25,2,0,2
BRDA:25,2,1,2
BRDA:29,3,0,2
BRDA:29,3,1,2
BRDA:33,4,0,3
BRDA:33,4,1,1
BRDA:44,5,0,0
BRDA:44,5,1,1
BRDA:44,6,0,1
BRDA:44,6,1,1
BRDA:48,7,0,0
BRDA:48,7,1,1
BRF:16
BRH:11
end_of_record
TN:
SF:models/customer.js
FN:28,getPhoto
FNF:1
FNH:1
FNDA:1,getPhoto
DA:1,1
DA:2,1
DA:4,1
DA:29,1
DA:30,1
DA:33,0
DA:37,1
DA:39,1
LF:8
LH:7
BRDA:29,0,0,1
BRDA:29,0,1,0
BRDA:29,1,0,1
BRDA:29,1,1,0
BRDA:29,1,2,0
BRF:5
BRH:2
end_of_record
TN:
SF:models/good.js
FN:38,getPhoto
FNF:1
FNH:0
FNDA:0,getPhoto
DA:1,1
DA:2,1
DA:4,1
DA:39,0
DA:40,0
DA:43,0
DA:47,1
DA:49,1
LF:8
LH:5
BRDA:39,0,0,0
BRDA:39,0,1,0
BRDA:39,1,0,0
BRDA:39,1,1,0
BRDA:39,1,2,0
BRF:5
BRH:0
end_of_record
TN:
SF:models/index.js
FN:14,(anonymous_0)
FN:15,(anonymous_1)
FNF:2
FNH:1
FNDA:1,(anonymous_0)
FNDA:0,(anonymous_1)
DA:1,1
DA:4,1
DA:7,1
DA:14,1
DA:15,0
DA:17,1
DA:18,1
DA:19,1
DA:20,1
DA:21,1
LF:10
LH:9
BRF:0
BRH:0
end_of_record
TN:
SF:models/supplier.js
FN:28,getPhoto
FNF:1
FNH:1
FNDA:1,getPhoto
DA:1,1
DA:2,1
DA:4,1
DA:29,1
DA:30,1
DA:33,0
DA:37,1
DA:39,1
LF:8
LH:7
BRDA:29,0,0,1
BRDA:29,0,1,0
BRDA:29,1,0,1
BRDA:29,1,1,0
BRDA:29,1,2,0
BRF:5
BRH:2
end_of_record
TN:
SF:models/transaction.js
FNF:0
FNH:0
DA:1,1
DA:2,1
DA:4,1
DA:35,1
DA:37,1
LF:5
LH:5
BRF:0
BRH:0
end_of_record
TN:
SF:models/user.js
FN:36,setPassword
FNF:1
FNH:0
FNDA:0,setPassword
DA:1,1
DA:2,1
DA:3,1
DA:5,1
DA:37,0
DA:41,1
DA:43,1
LF:7
LH:6
BRF:0
BRH:0
end_of_record
TN:
SF:routes/auth.js
FNF:0
FNH:0
DA:1,1
DA:4,1
DA:10,1
DA:13,1
DA:16,1
DA:19,1
DA:20,1
DA:23,1
LF:8
LH:8
BRF:0
BRH:0
end_of_record
TN:
SF:routes/transactions.js
FNF:0
FNH:0
DA:1,1
DA:4,1
DA:10,1
DA:19,1
DA:22,1
DA:25,1
DA:26,1
DA:28,1
DA:29,1
DA:30,1
DA:33,1
LF:11
LH:11
BRF:0
BRH:0
end_of_record
