{"/Users/fahmialfareza/Code/My Code/Glints/Glints Batch #13/boilerplate/Afternoon Class/Week 6/day28/index.js": {"path":"/Users/fahmialfareza/Code/My Code/Glints/Glints Batch #13/boilerplate/Afternoon Class/Week 6/day28/index.js","statementMap":{"0":{"start":{"line":1,"column":0},"end":{"line":3,"column":3}},"1":{"start":{"line":4,"column":16},"end":{"line":4,"column":34}},"2":{"start":{"line":5,"column":19},"end":{"line":5,"column":48}},"3":{"start":{"line":7,"column":12},"end":{"line":7,"column":21}},"4":{"start":{"line":10,"column":21},"end":{"line":10,"column":53}},"5":{"start":{"line":11,"column":13},"end":{"line":11,"column":37}},"6":{"start":{"line":14,"column":21},"end":{"line":14,"column":58}},"7":{"start":{"line":17,"column":0},"end":{"line":17,"column":24}},"8":{"start":{"line":19,"column":0},"end":{"line":23,"column":2}},"9":{"start":{"line":26,"column":0},"end":{"line":26,"column":22}},"10":{"start":{"line":29,"column":0},"end":{"line":29,"column":34}},"11":{"start":{"line":32,"column":0},"end":{"line":32,"column":39}},"12":{"start":{"line":33,"column":0},"end":{"line":33,"column":23}},"13":{"start":{"line":36,"column":0},"end":{"line":42,"column":3}},"14":{"start":{"line":37,"column":2},"end":{"line":41,"column":3}},"15":{"start":{"line":38,"column":4},"end":{"line":38,"column":61}},"16":{"start":{"line":40,"column":4},"end":{"line":40,"column":16}},"17":{"start":{"line":45,"column":0},"end":{"line":45,"column":22}},"18":{"start":{"line":48,"column":0},"end":{"line":50,"column":1}},"19":{"start":{"line":49,"column":2},"end":{"line":49,"column":64}},"20":{"start":{"line":49,"column":25},"end":{"line":49,"column":62}},"21":{"start":{"line":52,"column":0},"end":{"line":52,"column":21}}},"fnMap":{"0":{"name":"(anonymous_0)","decl":{"start":{"line":36,"column":13},"end":{"line":36,"column":14}},"loc":{"start":{"line":36,"column":33},"end":{"line":42,"column":1}},"line":36},"1":{"name":"(anonymous_1)","decl":{"start":{"line":49,"column":19},"end":{"line":49,"column":20}},"loc":{"start":{"line":49,"column":25},"end":{"line":49,"column":62}},"line":49}},"branchMap":{"0":{"loc":{"start":{"line":48,"column":0},"end":{"line":50,"column":1}},"type":"if","locations":[{"start":{"line":48,"column":0},"end":{"line":50,"column":1}},{"start":{"line":48,"column":0},"end":{"line":50,"column":1}}],"line":48}},"s":{"0":1,"1":1,"2":1,"3":1,"4":1,"5":1,"6":1,"7":1,"8":1,"9":1,"10":1,"11":1,"12":1,"13":1,"14":0,"15":0,"16":0,"17":1,"18":1,"19":0,"20":0,"21":1},"f":{"0":0,"1":0},"b":{"0":[0,1]},"_coverageSchema":"1a1c01bbd47fc00a2c39e90264f33305004495a9","hash":"138e262544441c43cbaf40b7e85ba688a2d38d97"}
,"/Users/fahmialfareza/Code/My Code/Glints/Glints Batch #13/boilerplate/Afternoon Class/Week 6/day28/controllers/auth.js": {"path":"/Users/fahmialfareza/Code/My Code/Glints/Glints Batch #13/boilerplate/Afternoon Class/Week 6/day28/controllers/auth.js","statementMap":{"0":{"start":{"line":1,"column":12},"end":{"line":1,"column":35}},"1":{"start":{"line":5,"column":4},"end":{"line":15,"column":5}},"2":{"start":{"line":6,"column":19},"end":{"line":8,"column":7}},"3":{"start":{"line":10,"column":20},"end":{"line":10,"column":58}},"4":{"start":{"line":12,"column":6},"end":{"line":12,"column":38}},"5":{"start":{"line":14,"column":6},"end":{"line":14,"column":18}},"6":{"start":{"line":19,"column":0},"end":{"line":19,"column":28}}},"fnMap":{"0":{"name":"(anonymous_0)","decl":{"start":{"line":4,"column":2},"end":{"line":4,"column":3}},"loc":{"start":{"line":4,"column":33},"end":{"line":16,"column":3}},"line":4}},"branchMap":{},"s":{"0":1,"1":0,"2":0,"3":0,"4":0,"5":0,"6":1},"f":{"0":0},"b":{},"_coverageSchema":"1a1c01bbd47fc00a2c39e90264f33305004495a9","hash":"79a0f3ee74ec01830836a92176b91e5ad32db511"}
,"/Users/fahmialfareza/Code/My Code/Glints/Glints Batch #13/boilerplate/Afternoon Class/Week 6/day28/controllers/transactions.js": {"path":"/Users/fahmialfareza/Code/My Code/Glints/Glints Batch #13/boilerplate/Afternoon Class/Week 6/day28/controllers/transactions.js","statementMap":{"0":{"start":{"line":1,"column":34},"end":{"line":1,"column":54}},"1":{"start":{"line":5,"column":4},"end":{"line":21,"column":5}},"2":{"start":{"line":6,"column":17},"end":{"line":6,"column":62}},"3":{"start":{"line":8,"column":6},"end":{"line":10,"column":7}},"4":{"start":{"line":9,"column":8},"end":{"line":9,"column":76}},"5":{"start":{"line":12,"column":6},"end":{"line":16,"column":7}},"6":{"start":{"line":12,"column":19},"end":{"line":12,"column":20}},"7":{"start":{"line":13,"column":8},"end":{"line":15,"column":11}},"8":{"start":{"line":18,"column":6},"end":{"line":18,"column":37}},"9":{"start":{"line":20,"column":6},"end":{"line":20,"column":18}},"10":{"start":{"line":25,"column":4},"end":{"line":39,"column":5}},"11":{"start":{"line":26,"column":17},"end":{"line":28,"column":29}},"12":{"start":{"line":30,"column":6},"end":{"line":32,"column":7}},"13":{"start":{"line":31,"column":8},"end":{"line":31,"column":75}},"14":{"start":{"line":34,"column":6},"end":{"line":34,"column":79}},"15":{"start":{"line":36,"column":6},"end":{"line":36,"column":37}},"16":{"start":{"line":38,"column":6},"end":{"line":38,"column":18}},"17":{"start":{"line":43,"column":4},"end":{"line":58,"column":5}},"18":{"start":{"line":45,"column":22},"end":{"line":45,"column":56}},"19":{"start":{"line":48,"column":17},"end":{"line":50,"column":29}},"20":{"start":{"line":53,"column":6},"end":{"line":53,"column":79}},"21":{"start":{"line":55,"column":6},"end":{"line":55,"column":37}},"22":{"start":{"line":57,"column":6},"end":{"line":57,"column":18}},"23":{"start":{"line":62,"column":4},"end":{"line":88,"column":5}},"24":{"start":{"line":64,"column":17},"end":{"line":74,"column":29}},"25":{"start":{"line":78,"column":6},"end":{"line":80,"column":7}},"26":{"start":{"line":79,"column":8},"end":{"line":79,"column":75}},"27":{"start":{"line":82,"column":6},"end":{"line":82,"column":79}},"28":{"start":{"line":85,"column":6},"end":{"line":85,"column":44}},"29":{"start":{"line":87,"column":6},"end":{"line":87,"column":18}},"30":{"start":{"line":92,"column":4},"end":{"line":102,"column":5}},"31":{"start":{"line":93,"column":19},"end":{"line":93,"column":67}},"32":{"start":{"line":95,"column":6},"end":{"line":97,"column":7}},"33":{"start":{"line":96,"column":8},"end":{"line":96,"column":75}},"34":{"start":{"line":99,"column":6},"end":{"line":99,"column":72}},"35":{"start":{"line":101,"column":6},"end":{"line":101,"column":18}},"36":{"start":{"line":106,"column":0},"end":{"line":106,"column":36}}},"fnMap":{"0":{"name":"(anonymous_0)","decl":{"start":{"line":4,"column":2},"end":{"line":4,"column":3}},"loc":{"start":{"line":4,"column":43},"end":{"line":22,"column":3}},"line":4},"1":{"name":"(anonymous_1)","decl":{"start":{"line":24,"column":2},"end":{"line":24,"column":3}},"loc":{"start":{"line":24,"column":45},"end":{"line":40,"column":3}},"line":24},"2":{"name":"(anonymous_2)","decl":{"start":{"line":42,"column":2},"end":{"line":42,"column":3}},"loc":{"start":{"line":42,"column":42},"end":{"line":59,"column":3}},"line":42},"3":{"name":"(anonymous_3)","decl":{"start":{"line":61,"column":2},"end":{"line":61,"column":3}},"loc":{"start":{"line":61,"column":42},"end":{"line":89,"column":3}},"line":61},"4":{"name":"(anonymous_4)","decl":{"start":{"line":91,"column":2},"end":{"line":91,"column":3}},"loc":{"start":{"line":91,"column":42},"end":{"line":103,"column":3}},"line":91}},"branchMap":{"0":{"loc":{"start":{"line":8,"column":6},"end":{"line":10,"column":7}},"type":"if","locations":[{"start":{"line":8,"column":6},"end":{"line":10,"column":7}},{"start":{"line":8,"column":6},"end":{"line":10,"column":7}}],"line":8},"1":{"loc":{"start":{"line":30,"column":6},"end":{"line":32,"column":7}},"type":"if","locations":[{"start":{"line":30,"column":6},"end":{"line":32,"column":7}},{"start":{"line":30,"column":6},"end":{"line":32,"column":7}}],"line":30},"2":{"loc":{"start":{"line":78,"column":6},"end":{"line":80,"column":7}},"type":"if","locations":[{"start":{"line":78,"column":6},"end":{"line":80,"column":7}},{"start":{"line":78,"column":6},"end":{"line":80,"column":7}}],"line":78},"3":{"loc":{"start":{"line":95,"column":6},"end":{"line":97,"column":7}},"type":"if","locations":[{"start":{"line":95,"column":6},"end":{"line":97,"column":7}},{"start":{"line":95,"column":6},"end":{"line":97,"column":7}}],"line":95}},"s":{"0":1,"1":2,"2":2,"3":2,"4":1,"5":1,"6":1,"7":4,"8":1,"9":0,"10":0,"11":0,"12":0,"13":0,"14":0,"15":0,"16":0,"17":1,"18":1,"19":1,"20":1,"21":1,"22":0,"23":0,"24":0,"25":0,"26":0,"27":0,"28":0,"29":0,"30":0,"31":0,"32":0,"33":0,"34":0,"35":0,"36":1},"f":{"0":2,"1":0,"2":1,"3":0,"4":0},"b":{"0":[1,1],"1":[0,0],"2":[0,0],"3":[0,0]},"_coverageSchema":"1a1c01bbd47fc00a2c39e90264f33305004495a9","hash":"7d110df34cf23d7a92763b2b4761c8927a5bae01"}
,"/Users/fahmialfareza/Code/My Code/Glints/Glints Batch #13/boilerplate/Afternoon Class/Week 6/day28/middlewares/auth/index.js": {"path":"/Users/fahmialfareza/Code/My Code/Glints/Glints Batch #13/boilerplate/Afternoon Class/Week 6/day28/middlewares/auth/index.js","statementMap":{"0":{"start":{"line":1,"column":17},"end":{"line":1,"column":36}},"1":{"start":{"line":2,"column":22},"end":{"line":2,"column":56}},"2":{"start":{"line":3,"column":15},"end":{"line":3,"column":32}},"3":{"start":{"line":4,"column":20},"end":{"line":4,"column":52}},"4":{"start":{"line":5,"column":19},"end":{"line":5,"column":53}},"5":{"start":{"line":6,"column":17},"end":{"line":6,"column":40}},"6":{"start":{"line":9,"column":0},"end":{"line":23,"column":2}},"7":{"start":{"line":10,"column":2},"end":{"line":22,"column":21}},"8":{"start":{"line":11,"column":4},"end":{"line":13,"column":5}},"9":{"start":{"line":12,"column":6},"end":{"line":12,"column":61}},"10":{"start":{"line":15,"column":4},"end":{"line":17,"column":5}},"11":{"start":{"line":16,"column":6},"end":{"line":16,"column":62}},"12":{"start":{"line":19,"column":4},"end":{"line":19,"column":20}},"13":{"start":{"line":21,"column":4},"end":{"line":21,"column":11}},"14":{"start":{"line":25,"column":0},"end":{"line":43,"column":2}},"15":{"start":{"line":34,"column":6},"end":{"line":40,"column":7}},"16":{"start":{"line":35,"column":21},"end":{"line":35,"column":48}},"17":{"start":{"line":37,"column":8},"end":{"line":37,"column":68}},"18":{"start":{"line":39,"column":8},"end":{"line":39,"column":68}},"19":{"start":{"line":46,"column":0},"end":{"line":60,"column":2}},"20":{"start":{"line":47,"column":2},"end":{"line":59,"column":21}},"21":{"start":{"line":48,"column":4},"end":{"line":50,"column":5}},"22":{"start":{"line":49,"column":6},"end":{"line":49,"column":61}},"23":{"start":{"line":52,"column":4},"end":{"line":54,"column":5}},"24":{"start":{"line":53,"column":6},"end":{"line":53,"column":62}},"25":{"start":{"line":56,"column":4},"end":{"line":56,"column":20}},"26":{"start":{"line":58,"column":4},"end":{"line":58,"column":11}},"27":{"start":{"line":62,"column":0},"end":{"line":90,"column":2}},"28":{"start":{"line":71,"column":6},"end":{"line":87,"column":7}},"29":{"start":{"line":72,"column":21},"end":{"line":72,"column":50}},"30":{"start":{"line":74,"column":8},"end":{"line":76,"column":9}},"31":{"start":{"line":75,"column":10},"end":{"line":75,"column":70}},"32":{"start":{"line":78,"column":25},"end":{"line":78,"column":70}},"33":{"start":{"line":80,"column":8},"end":{"line":82,"column":9}},"34":{"start":{"line":81,"column":10},"end":{"line":81,"column":67}},"35":{"start":{"line":84,"column":8},"end":{"line":84,"column":63}},"36":{"start":{"line":86,"column":8},"end":{"line":86,"column":68}},"37":{"start":{"line":93,"column":0},"end":{"line":107,"column":2}},"38":{"start":{"line":94,"column":2},"end":{"line":106,"column":21}},"39":{"start":{"line":95,"column":4},"end":{"line":97,"column":5}},"40":{"start":{"line":96,"column":6},"end":{"line":96,"column":61}},"41":{"start":{"line":99,"column":4},"end":{"line":101,"column":5}},"42":{"start":{"line":100,"column":6},"end":{"line":100,"column":62}},"43":{"start":{"line":103,"column":4},"end":{"line":103,"column":20}},"44":{"start":{"line":105,"column":4},"end":{"line":105,"column":11}},"45":{"start":{"line":109,"column":0},"end":{"line":130,"column":2}},"46":{"start":{"line":117,"column":6},"end":{"line":127,"column":7}},"47":{"start":{"line":118,"column":21},"end":{"line":118,"column":60}},"48":{"start":{"line":120,"column":8},"end":{"line":122,"column":9}},"49":{"start":{"line":121,"column":10},"end":{"line":121,"column":35}},"50":{"start":{"line":124,"column":8},"end":{"line":124,"column":66}},"51":{"start":{"line":126,"column":8},"end":{"line":126,"column":67}},"52":{"start":{"line":133,"column":0},"end":{"line":147,"column":2}},"53":{"start":{"line":134,"column":2},"end":{"line":146,"column":21}},"54":{"start":{"line":135,"column":4},"end":{"line":137,"column":5}},"55":{"start":{"line":136,"column":6},"end":{"line":136,"column":61}},"56":{"start":{"line":139,"column":4},"end":{"line":141,"column":5}},"57":{"start":{"line":140,"column":6},"end":{"line":140,"column":62}},"58":{"start":{"line":143,"column":4},"end":{"line":143,"column":20}},"59":{"start":{"line":145,"column":4},"end":{"line":145,"column":11}},"60":{"start":{"line":149,"column":0},"end":{"line":170,"column":2}},"61":{"start":{"line":157,"column":6},"end":{"line":167,"column":7}},"62":{"start":{"line":158,"column":21},"end":{"line":158,"column":60}},"63":{"start":{"line":160,"column":8},"end":{"line":162,"column":9}},"64":{"start":{"line":161,"column":10},"end":{"line":161,"column":35}},"65":{"start":{"line":164,"column":8},"end":{"line":164,"column":66}},"66":{"start":{"line":166,"column":8},"end":{"line":166,"column":67}},"67":{"start":{"line":173,"column":0},"end":{"line":187,"column":2}},"68":{"start":{"line":174,"column":2},"end":{"line":186,"column":21}},"69":{"start":{"line":175,"column":4},"end":{"line":177,"column":5}},"70":{"start":{"line":176,"column":6},"end":{"line":176,"column":61}},"71":{"start":{"line":179,"column":4},"end":{"line":181,"column":5}},"72":{"start":{"line":180,"column":6},"end":{"line":180,"column":62}},"73":{"start":{"line":183,"column":4},"end":{"line":183,"column":20}},"74":{"start":{"line":185,"column":4},"end":{"line":185,"column":11}},"75":{"start":{"line":189,"column":0},"end":{"line":210,"column":2}},"76":{"start":{"line":197,"column":6},"end":{"line":207,"column":7}},"77":{"start":{"line":198,"column":21},"end":{"line":198,"column":60}},"78":{"start":{"line":200,"column":8},"end":{"line":202,"column":9}},"79":{"start":{"line":201,"column":10},"end":{"line":201,"column":35}},"80":{"start":{"line":204,"column":8},"end":{"line":204,"column":66}},"81":{"start":{"line":206,"column":8},"end":{"line":206,"column":67}}},"fnMap":{"0":{"name":"(anonymous_0)","decl":{"start":{"line":9,"column":17},"end":{"line":9,"column":18}},"loc":{"start":{"line":9,"column":37},"end":{"line":23,"column":1}},"line":9},"1":{"name":"(anonymous_1)","decl":{"start":{"line":10,"column":54},"end":{"line":10,"column":55}},"loc":{"start":{"line":10,"column":75},"end":{"line":22,"column":3}},"line":10},"2":{"name":"(anonymous_2)","decl":{"start":{"line":33,"column":4},"end":{"line":33,"column":5}},"loc":{"start":{"line":33,"column":42},"end":{"line":41,"column":5}},"line":33},"3":{"name":"(anonymous_3)","decl":{"start":{"line":46,"column":17},"end":{"line":46,"column":18}},"loc":{"start":{"line":46,"column":37},"end":{"line":60,"column":1}},"line":46},"4":{"name":"(anonymous_4)","decl":{"start":{"line":47,"column":54},"end":{"line":47,"column":55}},"loc":{"start":{"line":47,"column":75},"end":{"line":59,"column":3}},"line":47},"5":{"name":"(anonymous_5)","decl":{"start":{"line":70,"column":4},"end":{"line":70,"column":5}},"loc":{"start":{"line":70,"column":42},"end":{"line":88,"column":5}},"line":70},"6":{"name":"(anonymous_6)","decl":{"start":{"line":93,"column":16},"end":{"line":93,"column":17}},"loc":{"start":{"line":93,"column":36},"end":{"line":107,"column":1}},"line":93},"7":{"name":"(anonymous_7)","decl":{"start":{"line":94,"column":50},"end":{"line":94,"column":51}},"loc":{"start":{"line":94,"column":71},"end":{"line":106,"column":3}},"line":94},"8":{"name":"(anonymous_8)","decl":{"start":{"line":116,"column":4},"end":{"line":116,"column":5}},"loc":{"start":{"line":116,"column":27},"end":{"line":128,"column":5}},"line":116},"9":{"name":"(anonymous_9)","decl":{"start":{"line":133,"column":15},"end":{"line":133,"column":16}},"loc":{"start":{"line":133,"column":35},"end":{"line":147,"column":1}},"line":133},"10":{"name":"(anonymous_10)","decl":{"start":{"line":134,"column":49},"end":{"line":134,"column":50}},"loc":{"start":{"line":134,"column":70},"end":{"line":146,"column":3}},"line":134},"11":{"name":"(anonymous_11)","decl":{"start":{"line":156,"column":4},"end":{"line":156,"column":5}},"loc":{"start":{"line":156,"column":27},"end":{"line":168,"column":5}},"line":156},"12":{"name":"(anonymous_12)","decl":{"start":{"line":173,"column":22},"end":{"line":173,"column":23}},"loc":{"start":{"line":173,"column":42},"end":{"line":187,"column":1}},"line":173},"13":{"name":"(anonymous_13)","decl":{"start":{"line":174,"column":56},"end":{"line":174,"column":57}},"loc":{"start":{"line":174,"column":77},"end":{"line":186,"column":3}},"line":174},"14":{"name":"(anonymous_14)","decl":{"start":{"line":196,"column":4},"end":{"line":196,"column":5}},"loc":{"start":{"line":196,"column":27},"end":{"line":208,"column":5}},"line":196}},"branchMap":{"0":{"loc":{"start":{"line":11,"column":4},"end":{"line":13,"column":5}},"type":"if","locations":[{"start":{"line":11,"column":4},"end":{"line":13,"column":5}},{"start":{"line":11,"column":4},"end":{"line":13,"column":5}}],"line":11},"1":{"loc":{"start":{"line":15,"column":4},"end":{"line":17,"column":5}},"type":"if","locations":[{"start":{"line":15,"column":4},"end":{"line":17,"column":5}},{"start":{"line":15,"column":4},"end":{"line":17,"column":5}}],"line":15},"2":{"loc":{"start":{"line":48,"column":4},"end":{"line":50,"column":5}},"type":"if","locations":[{"start":{"line":48,"column":4},"end":{"line":50,"column":5}},{"start":{"line":48,"column":4},"end":{"line":50,"column":5}}],"line":48},"3":{"loc":{"start":{"line":52,"column":4},"end":{"line":54,"column":5}},"type":"if","locations":[{"start":{"line":52,"column":4},"end":{"line":54,"column":5}},{"start":{"line":52,"column":4},"end":{"line":54,"column":5}}],"line":52},"4":{"loc":{"start":{"line":74,"column":8},"end":{"line":76,"column":9}},"type":"if","locations":[{"start":{"line":74,"column":8},"end":{"line":76,"column":9}},{"start":{"line":74,"column":8},"end":{"line":76,"column":9}}],"line":74},"5":{"loc":{"start":{"line":80,"column":8},"end":{"line":82,"column":9}},"type":"if","locations":[{"start":{"line":80,"column":8},"end":{"line":82,"column":9}},{"start":{"line":80,"column":8},"end":{"line":82,"column":9}}],"line":80},"6":{"loc":{"start":{"line":95,"column":4},"end":{"line":97,"column":5}},"type":"if","locations":[{"start":{"line":95,"column":4},"end":{"line":97,"column":5}},{"start":{"line":95,"column":4},"end":{"line":97,"column":5}}],"line":95},"7":{"loc":{"start":{"line":99,"column":4},"end":{"line":101,"column":5}},"type":"if","locations":[{"start":{"line":99,"column":4},"end":{"line":101,"column":5}},{"start":{"line":99,"column":4},"end":{"line":101,"column":5}}],"line":99},"8":{"loc":{"start":{"line":120,"column":8},"end":{"line":122,"column":9}},"type":"if","locations":[{"start":{"line":120,"column":8},"end":{"line":122,"column":9}},{"start":{"line":120,"column":8},"end":{"line":122,"column":9}}],"line":120},"9":{"loc":{"start":{"line":135,"column":4},"end":{"line":137,"column":5}},"type":"if","locations":[{"start":{"line":135,"column":4},"end":{"line":137,"column":5}},{"start":{"line":135,"column":4},"end":{"line":137,"column":5}}],"line":135},"10":{"loc":{"start":{"line":139,"column":4},"end":{"line":141,"column":5}},"type":"if","locations":[{"start":{"line":139,"column":4},"end":{"line":141,"column":5}},{"start":{"line":139,"column":4},"end":{"line":141,"column":5}}],"line":139},"11":{"loc":{"start":{"line":160,"column":8},"end":{"line":162,"column":9}},"type":"if","locations":[{"start":{"line":160,"column":8},"end":{"line":162,"column":9}},{"start":{"line":160,"column":8},"end":{"line":162,"column":9}}],"line":160},"12":{"loc":{"start":{"line":175,"column":4},"end":{"line":177,"column":5}},"type":"if","locations":[{"start":{"line":175,"column":4},"end":{"line":177,"column":5}},{"start":{"line":175,"column":4},"end":{"line":177,"column":5}}],"line":175},"13":{"loc":{"start":{"line":179,"column":4},"end":{"line":181,"column":5}},"type":"if","locations":[{"start":{"line":179,"column":4},"end":{"line":181,"column":5}},{"start":{"line":179,"column":4},"end":{"line":181,"column":5}}],"line":179},"14":{"loc":{"start":{"line":200,"column":8},"end":{"line":202,"column":9}},"type":"if","locations":[{"start":{"line":200,"column":8},"end":{"line":202,"column":9}},{"start":{"line":200,"column":8},"end":{"line":202,"column":9}}],"line":200},"15":{"loc":{"start":{"line":200,"column":12},"end":{"line":200,"column":57}},"type":"binary-expr","locations":[{"start":{"line":200,"column":12},"end":{"line":200,"column":33}},{"start":{"line":200,"column":37},"end":{"line":200,"column":57}}],"line":200}},"s":{"0":1,"1":1,"2":1,"3":1,"4":1,"5":1,"6":1,"7":0,"8":0,"9":0,"10":0,"11":0,"12":0,"13":0,"14":1,"15":0,"16":0,"17":0,"18":0,"19":1,"20":0,"21":0,"22":0,"23":0,"24":0,"25":0,"26":0,"27":1,"28":0,"29":0,"30":0,"31":0,"32":0,"33":0,"34":0,"35":0,"36":0,"37":1,"38":0,"39":0,"40":0,"41":0,"42":0,"43":0,"44":0,"45":1,"46":0,"47":0,"48":0,"49":0,"50":0,"51":0,"52":1,"53":0,"54":0,"55":0,"56":0,"57":0,"58":0,"59":0,"60":1,"61":0,"62":0,"63":0,"64":0,"65":0,"66":0,"67":1,"68":0,"69":0,"70":0,"71":0,"72":0,"73":0,"74":0,"75":1,"76":0,"77":0,"78":0,"79":0,"80":0,"81":0},"f":{"0":0,"1":0,"2":0,"3":0,"4":0,"5":0,"6":0,"7":0,"8":0,"9":0,"10":0,"11":0,"12":0,"13":0,"14":0},"b":{"0":[0,0],"1":[0,0],"2":[0,0],"3":[0,0],"4":[0,0],"5":[0,0],"6":[0,0],"7":[0,0],"8":[0,0],"9":[0,0],"10":[0,0],"11":[0,0],"12":[0,0],"13":[0,0],"14":[0,0],"15":[0,0]},"_coverageSchema":"1a1c01bbd47fc00a2c39e90264f33305004495a9","hash":"4cee22339cc1fb5008024278d001cd7212931ec3"}
,"/Users/fahmialfareza/Code/My Code/Glints/Glints Batch #13/boilerplate/Afternoon Class/Week 6/day28/middlewares/errorHandler/index.js": {"path":"/Users/fahmialfareza/Code/My Code/Glints/Glints Batch #13/boilerplate/Afternoon Class/Week 6/day28/middlewares/errorHandler/index.js","statementMap":{"0":{"start":{"line":1,"column":0},"end":{"line":5,"column":2}},"1":{"start":{"line":2,"column":2},"end":{"line":4,"column":5}}},"fnMap":{"0":{"name":"(anonymous_0)","decl":{"start":{"line":1,"column":17},"end":{"line":1,"column":18}},"loc":{"start":{"line":1,"column":42},"end":{"line":5,"column":1}},"line":1}},"branchMap":{"0":{"loc":{"start":{"line":2,"column":13},"end":{"line":2,"column":34}},"type":"binary-expr","locations":[{"start":{"line":2,"column":13},"end":{"line":2,"column":27}},{"start":{"line":2,"column":31},"end":{"line":2,"column":34}}],"line":2},"1":{"loc":{"start":{"line":3,"column":12},"end":{"line":3,"column":41}},"type":"binary-expr","locations":[{"start":{"line":3,"column":12},"end":{"line":3,"column":24}},{"start":{"line":3,"column":28},"end":{"line":3,"column":41}}],"line":3}},"s":{"0":1,"1":4},"f":{"0":4},"b":{"0":[4,0],"1":[4,1]},"_coverageSchema":"1a1c01bbd47fc00a2c39e90264f33305004495a9","hash":"34f070ff4a3601233f4b0ffab7ff1ea378b037ed"}
,"/Users/fahmialfareza/Code/My Code/Glints/Glints Batch #13/boilerplate/Afternoon Class/Week 6/day28/middlewares/validators/auth.js": {"path":"/Users/fahmialfareza/Code/My Code/Glints/Glints Batch #13/boilerplate/Afternoon Class/Week 6/day28/middlewares/validators/auth.js","statementMap":{"0":{"start":{"line":1,"column":18},"end":{"line":1,"column":38}},"1":{"start":{"line":3,"column":0},"end":{"line":23,"column":2}},"2":{"start":{"line":4,"column":2},"end":{"line":22,"column":3}},"3":{"start":{"line":5,"column":26},"end":{"line":5,"column":28}},"4":{"start":{"line":7,"column":4},"end":{"line":9,"column":5}},"5":{"start":{"line":8,"column":6},"end":{"line":8,"column":47}},"6":{"start":{"line":11,"column":4},"end":{"line":13,"column":5}},"7":{"start":{"line":12,"column":6},"end":{"line":12,"column":58}},"8":{"start":{"line":15,"column":4},"end":{"line":17,"column":5}},"9":{"start":{"line":16,"column":6},"end":{"line":16,"column":64}},"10":{"start":{"line":19,"column":4},"end":{"line":19,"column":11}},"11":{"start":{"line":21,"column":4},"end":{"line":21,"column":16}},"12":{"start":{"line":25,"column":0},"end":{"line":41,"column":2}},"13":{"start":{"line":26,"column":2},"end":{"line":40,"column":3}},"14":{"start":{"line":27,"column":26},"end":{"line":27,"column":28}},"15":{"start":{"line":29,"column":4},"end":{"line":31,"column":5}},"16":{"start":{"line":30,"column":6},"end":{"line":30,"column":47}},"17":{"start":{"line":33,"column":4},"end":{"line":35,"column":5}},"18":{"start":{"line":34,"column":6},"end":{"line":34,"column":64}},"19":{"start":{"line":37,"column":4},"end":{"line":37,"column":11}},"20":{"start":{"line":39,"column":4},"end":{"line":39,"column":16}}},"fnMap":{"0":{"name":"(anonymous_0)","decl":{"start":{"line":3,"column":26},"end":{"line":3,"column":27}},"loc":{"start":{"line":3,"column":52},"end":{"line":23,"column":1}},"line":3},"1":{"name":"(anonymous_1)","decl":{"start":{"line":25,"column":26},"end":{"line":25,"column":27}},"loc":{"start":{"line":25,"column":52},"end":{"line":41,"column":1}},"line":25}},"branchMap":{"0":{"loc":{"start":{"line":7,"column":4},"end":{"line":9,"column":5}},"type":"if","locations":[{"start":{"line":7,"column":4},"end":{"line":9,"column":5}},{"start":{"line":7,"column":4},"end":{"line":9,"column":5}}],"line":7},"1":{"loc":{"start":{"line":11,"column":4},"end":{"line":13,"column":5}},"type":"if","locations":[{"start":{"line":11,"column":4},"end":{"line":13,"column":5}},{"start":{"line":11,"column":4},"end":{"line":13,"column":5}}],"line":11},"2":{"loc":{"start":{"line":15,"column":4},"end":{"line":17,"column":5}},"type":"if","locations":[{"start":{"line":15,"column":4},"end":{"line":17,"column":5}},{"start":{"line":15,"column":4},"end":{"line":17,"column":5}}],"line":15},"3":{"loc":{"start":{"line":29,"column":4},"end":{"line":31,"column":5}},"type":"if","locations":[{"start":{"line":29,"column":4},"end":{"line":31,"column":5}},{"start":{"line":29,"column":4},"end":{"line":31,"column":5}}],"line":29},"4":{"loc":{"start":{"line":33,"column":4},"end":{"line":35,"column":5}},"type":"if","locations":[{"start":{"line":33,"column":4},"end":{"line":35,"column":5}},{"start":{"line":33,"column":4},"end":{"line":35,"column":5}}],"line":33}},"s":{"0":1,"1":1,"2":0,"3":0,"4":0,"5":0,"6":0,"7":0,"8":0,"9":0,"10":0,"11":0,"12":1,"13":0,"14":0,"15":0,"16":0,"17":0,"18":0,"19":0,"20":0},"f":{"0":0,"1":0},"b":{"0":[0,0],"1":[0,0],"2":[0,0],"3":[0,0],"4":[0,0]},"_coverageSchema":"1a1c01bbd47fc00a2c39e90264f33305004495a9","hash":"37a6e403b7d65520ae3dab48790e5dccf572a7c3"}
,"/Users/fahmialfareza/Code/My Code/Glints/Glints Batch #13/boilerplate/Afternoon Class/Week 6/day28/middlewares/validators/transactions.js": {"path":"/Users/fahmialfareza/Code/My Code/Glints/Glints Batch #13/boilerplate/Afternoon Class/Week 6/day28/middlewares/validators/transactions.js","statementMap":{"0":{"start":{"line":1,"column":18},"end":{"line":1,"column":38}},"1":{"start":{"line":2,"column":17},"end":{"line":2,"column":36}},"2":{"start":{"line":3,"column":27},"end":{"line":3,"column":50}},"3":{"start":{"line":5,"column":0},"end":{"line":15,"column":2}},"4":{"start":{"line":6,"column":2},"end":{"line":14,"column":3}},"5":{"start":{"line":7,"column":4},"end":{"line":9,"column":5}},"6":{"start":{"line":8,"column":6},"end":{"line":8,"column":67}},"7":{"start":{"line":11,"column":4},"end":{"line":11,"column":11}},"8":{"start":{"line":13,"column":4},"end":{"line":13,"column":16}},"9":{"start":{"line":17,"column":0},"end":{"line":61,"column":2}},"10":{"start":{"line":18,"column":2},"end":{"line":60,"column":3}},"11":{"start":{"line":20,"column":26},"end":{"line":20,"column":28}},"12":{"start":{"line":22,"column":4},"end":{"line":24,"column":5}},"13":{"start":{"line":23,"column":6},"end":{"line":23,"column":62}},"14":{"start":{"line":26,"column":4},"end":{"line":28,"column":5}},"15":{"start":{"line":27,"column":6},"end":{"line":27,"column":49}},"16":{"start":{"line":30,"column":4},"end":{"line":32,"column":5}},"17":{"start":{"line":31,"column":6},"end":{"line":31,"column":53}},"18":{"start":{"line":34,"column":4},"end":{"line":36,"column":5}},"19":{"start":{"line":35,"column":6},"end":{"line":35,"column":64}},"20":{"start":{"line":39,"column":17},"end":{"line":42,"column":6}},"21":{"start":{"line":44,"column":4},"end":{"line":46,"column":5}},"22":{"start":{"line":45,"column":6},"end":{"line":45,"column":55}},"23":{"start":{"line":48,"column":4},"end":{"line":50,"column":5}},"24":{"start":{"line":49,"column":6},"end":{"line":49,"column":64}},"25":{"start":{"line":53,"column":4},"end":{"line":53,"column":77}},"26":{"start":{"line":54,"column":4},"end":{"line":54,"column":28}},"27":{"start":{"line":55,"column":4},"end":{"line":55,"column":45}},"28":{"start":{"line":57,"column":4},"end":{"line":57,"column":11}},"29":{"start":{"line":59,"column":4},"end":{"line":59,"column":16}}},"fnMap":{"0":{"name":"(anonymous_0)","decl":{"start":{"line":5,"column":29},"end":{"line":5,"column":30}},"loc":{"start":{"line":5,"column":55},"end":{"line":15,"column":1}},"line":5},"1":{"name":"(anonymous_1)","decl":{"start":{"line":17,"column":45},"end":{"line":17,"column":46}},"loc":{"start":{"line":17,"column":71},"end":{"line":61,"column":1}},"line":17}},"branchMap":{"0":{"loc":{"start":{"line":7,"column":4},"end":{"line":9,"column":5}},"type":"if","locations":[{"start":{"line":7,"column":4},"end":{"line":9,"column":5}},{"start":{"line":7,"column":4},"end":{"line":9,"column":5}}],"line":7},"1":{"loc":{"start":{"line":22,"column":4},"end":{"line":24,"column":5}},"type":"if","locations":[{"start":{"line":22,"column":4},"end":{"line":24,"column":5}},{"start":{"line":22,"column":4},"end":{"line":24,"column":5}}],"line":22},"2":{"loc":{"start":{"line":26,"column":4},"end":{"line":28,"column":5}},"type":"if","locations":[{"start":{"line":26,"column":4},"end":{"line":28,"column":5}},{"start":{"line":26,"column":4},"end":{"line":28,"column":5}}],"line":26},"3":{"loc":{"start":{"line":30,"column":4},"end":{"line":32,"column":5}},"type":"if","locations":[{"start":{"line":30,"column":4},"end":{"line":32,"column":5}},{"start":{"line":30,"column":4},"end":{"line":32,"column":5}}],"line":30},"4":{"loc":{"start":{"line":34,"column":4},"end":{"line":36,"column":5}},"type":"if","locations":[{"start":{"line":34,"column":4},"end":{"line":36,"column":5}},{"start":{"line":34,"column":4},"end":{"line":36,"column":5}}],"line":34},"5":{"loc":{"start":{"line":44,"column":4},"end":{"line":46,"column":5}},"type":"if","locations":[{"start":{"line":44,"column":4},"end":{"line":46,"column":5}},{"start":{"line":44,"column":4},"end":{"line":46,"column":5}}],"line":44},"6":{"loc":{"start":{"line":44,"column":8},"end":{"line":44,"column":28}},"type":"binary-expr","locations":[{"start":{"line":44,"column":8},"end":{"line":44,"column":16}},{"start":{"line":44,"column":20},"end":{"line":44,"column":28}}],"line":44},"7":{"loc":{"start":{"line":48,"column":4},"end":{"line":50,"column":5}},"type":"if","locations":[{"start":{"line":48,"column":4},"end":{"line":50,"column":5}},{"start":{"line":48,"column":4},"end":{"line":50,"column":5}}],"line":48}},"s":{"0":1,"1":1,"2":1,"3":1,"4":0,"5":0,"6":0,"7":0,"8":0,"9":1,"10":4,"11":4,"12":4,"13":0,"14":4,"15":2,"16":4,"17":2,"18":4,"19":3,"20":1,"21":1,"22":0,"23":1,"24":0,"25":1,"26":1,"27":1,"28":1,"29":0},"f":{"0":0,"1":4},"b":{"0":[0,0],"1":[0,4],"2":[2,2],"3":[2,2],"4":[3,1],"5":[0,1],"6":[1,1],"7":[0,1]},"_coverageSchema":"1a1c01bbd47fc00a2c39e90264f33305004495a9","hash":"f5eba499d58947512f3fa71eb73151ca99e1aba6"}
,"/Users/fahmialfareza/Code/My Code/Glints/Glints Batch #13/boilerplate/Afternoon Class/Week 6/day28/models/customer.js": {"path":"/Users/fahmialfareza/Code/My Code/Glints/Glints Batch #13/boilerplate/Afternoon Class/Week 6/day28/models/customer.js","statementMap":{"0":{"start":{"line":1,"column":17},"end":{"line":1,"column":36}},"1":{"start":{"line":2,"column":23},"end":{"line":2,"column":49}},"2":{"start":{"line":4,"column":23},"end":{"line":26,"column":1}},"3":{"start":{"line":30,"column":2},"end":{"line":32,"column":3}},"4":{"start":{"line":31,"column":4},"end":{"line":31,"column":17}},"5":{"start":{"line":34,"column":2},"end":{"line":34,"column":38}},"6":{"start":{"line":38,"column":0},"end":{"line":38,"column":66}},"7":{"start":{"line":41,"column":0},"end":{"line":41,"column":60}}},"fnMap":{"0":{"name":"getPhoto","decl":{"start":{"line":29,"column":9},"end":{"line":29,"column":17}},"loc":{"start":{"line":29,"column":25},"end":{"line":35,"column":1}},"line":29}},"branchMap":{"0":{"loc":{"start":{"line":30,"column":2},"end":{"line":32,"column":3}},"type":"if","locations":[{"start":{"line":30,"column":2},"end":{"line":32,"column":3}},{"start":{"line":30,"column":2},"end":{"line":32,"column":3}}],"line":30},"1":{"loc":{"start":{"line":30,"column":6},"end":{"line":30,"column":65}},"type":"binary-expr","locations":[{"start":{"line":30,"column":6},"end":{"line":30,"column":12}},{"start":{"line":30,"column":16},"end":{"line":30,"column":39}},{"start":{"line":30,"column":43},"end":{"line":30,"column":65}}],"line":30}},"s":{"0":1,"1":1,"2":1,"3":5,"4":5,"5":0,"6":1,"7":1},"f":{"0":5},"b":{"0":[5,0],"1":[5,0,0]},"_coverageSchema":"1a1c01bbd47fc00a2c39e90264f33305004495a9","hash":"0e333ed5b8a5638cd48aa0ffe08e7e646543528e"}
,"/Users/fahmialfareza/Code/My Code/Glints/Glints Batch #13/boilerplate/Afternoon Class/Week 6/day28/models/good.js": {"path":"/Users/fahmialfareza/Code/My Code/Glints/Glints Batch #13/boilerplate/Afternoon Class/Week 6/day28/models/good.js","statementMap":{"0":{"start":{"line":1,"column":17},"end":{"line":1,"column":36}},"1":{"start":{"line":2,"column":23},"end":{"line":2,"column":49}},"2":{"start":{"line":4,"column":19},"end":{"line":36,"column":1}},"3":{"start":{"line":40,"column":2},"end":{"line":42,"column":3}},"4":{"start":{"line":41,"column":4},"end":{"line":41,"column":17}},"5":{"start":{"line":44,"column":2},"end":{"line":44,"column":34}},"6":{"start":{"line":48,"column":0},"end":{"line":48,"column":62}},"7":{"start":{"line":51,"column":0},"end":{"line":51,"column":52}}},"fnMap":{"0":{"name":"getPhoto","decl":{"start":{"line":39,"column":9},"end":{"line":39,"column":17}},"loc":{"start":{"line":39,"column":25},"end":{"line":45,"column":1}},"line":39}},"branchMap":{"0":{"loc":{"start":{"line":40,"column":2},"end":{"line":42,"column":3}},"type":"if","locations":[{"start":{"line":40,"column":2},"end":{"line":42,"column":3}},{"start":{"line":40,"column":2},"end":{"line":42,"column":3}}],"line":40},"1":{"loc":{"start":{"line":40,"column":6},"end":{"line":40,"column":65}},"type":"binary-expr","locations":[{"start":{"line":40,"column":6},"end":{"line":40,"column":12}},{"start":{"line":40,"column":16},"end":{"line":40,"column":39}},{"start":{"line":40,"column":43},"end":{"line":40,"column":65}}],"line":40}},"s":{"0":1,"1":1,"2":1,"3":0,"4":0,"5":0,"6":1,"7":1},"f":{"0":0},"b":{"0":[0,0],"1":[0,0,0]},"_coverageSchema":"1a1c01bbd47fc00a2c39e90264f33305004495a9","hash":"c22e2b5c637f58fb25e89daca4dfb2bdcfb83210"}
,"/Users/fahmialfareza/Code/My Code/Glints/Glints Batch #13/boilerplate/Afternoon Class/Week 6/day28/models/index.js": {"path":"/Users/fahmialfareza/Code/My Code/Glints/Glints Batch #13/boilerplate/Afternoon Class/Week 6/day28/models/index.js","statementMap":{"0":{"start":{"line":1,"column":0},"end":{"line":3,"column":3}},"1":{"start":{"line":4,"column":17},"end":{"line":4,"column":36}},"2":{"start":{"line":6,"column":0},"end":{"line":14,"column":36}},"3":{"start":{"line":13,"column":14},"end":{"line":13,"column":46}},"4":{"start":{"line":14,"column":18},"end":{"line":14,"column":34}},"5":{"start":{"line":16,"column":0},"end":{"line":16,"column":41}},"6":{"start":{"line":17,"column":0},"end":{"line":17,"column":41}},"7":{"start":{"line":18,"column":0},"end":{"line":18,"column":33}},"8":{"start":{"line":19,"column":0},"end":{"line":19,"column":47}},"9":{"start":{"line":20,"column":0},"end":{"line":20,"column":33}}},"fnMap":{"0":{"name":"(anonymous_0)","decl":{"start":{"line":13,"column":8},"end":{"line":13,"column":9}},"loc":{"start":{"line":13,"column":14},"end":{"line":13,"column":46}},"line":13},"1":{"name":"(anonymous_1)","decl":{"start":{"line":14,"column":9},"end":{"line":14,"column":10}},"loc":{"start":{"line":14,"column":18},"end":{"line":14,"column":34}},"line":14}},"branchMap":{},"s":{"0":1,"1":1,"2":1,"3":1,"4":0,"5":1,"6":1,"7":1,"8":1,"9":1},"f":{"0":1,"1":0},"b":{},"_coverageSchema":"1a1c01bbd47fc00a2c39e90264f33305004495a9","hash":"ee74176a80b0f7113b871b979350905a096ead32"}
,"/Users/fahmialfareza/Code/My Code/Glints/Glints Batch #13/boilerplate/Afternoon Class/Week 6/day28/models/supplier.js": {"path":"/Users/fahmialfareza/Code/My Code/Glints/Glints Batch #13/boilerplate/Afternoon Class/Week 6/day28/models/supplier.js","statementMap":{"0":{"start":{"line":1,"column":17},"end":{"line":1,"column":36}},"1":{"start":{"line":2,"column":23},"end":{"line":2,"column":49}},"2":{"start":{"line":4,"column":23},"end":{"line":26,"column":1}},"3":{"start":{"line":30,"column":2},"end":{"line":32,"column":3}},"4":{"start":{"line":31,"column":4},"end":{"line":31,"column":17}},"5":{"start":{"line":34,"column":2},"end":{"line":34,"column":38}},"6":{"start":{"line":38,"column":0},"end":{"line":38,"column":66}},"7":{"start":{"line":41,"column":0},"end":{"line":41,"column":60}}},"fnMap":{"0":{"name":"getPhoto","decl":{"start":{"line":29,"column":9},"end":{"line":29,"column":17}},"loc":{"start":{"line":29,"column":25},"end":{"line":35,"column":1}},"line":29}},"branchMap":{"0":{"loc":{"start":{"line":30,"column":2},"end":{"line":32,"column":3}},"type":"if","locations":[{"start":{"line":30,"column":2},"end":{"line":32,"column":3}},{"start":{"line":30,"column":2},"end":{"line":32,"column":3}}],"line":30},"1":{"loc":{"start":{"line":30,"column":6},"end":{"line":30,"column":65}},"type":"binary-expr","locations":[{"start":{"line":30,"column":6},"end":{"line":30,"column":12}},{"start":{"line":30,"column":16},"end":{"line":30,"column":39}},{"start":{"line":30,"column":43},"end":{"line":30,"column":65}}],"line":30}},"s":{"0":1,"1":1,"2":1,"3":5,"4":5,"5":0,"6":1,"7":1},"f":{"0":5},"b":{"0":[5,0],"1":[5,5,5]},"_coverageSchema":"1a1c01bbd47fc00a2c39e90264f33305004495a9","hash":"41938b92bebcac5d4a047fd59dc873b70298222a"}
,"/Users/fahmialfareza/Code/My Code/Glints/Glints Batch #13/boilerplate/Afternoon Class/Week 6/day28/models/transaction.js": {"path":"/Users/fahmialfareza/Code/My Code/Glints/Glints Batch #13/boilerplate/Afternoon Class/Week 6/day28/models/transaction.js","statementMap":{"0":{"start":{"line":1,"column":17},"end":{"line":1,"column":36}},"1":{"start":{"line":2,"column":23},"end":{"line":2,"column":49}},"2":{"start":{"line":4,"column":26},"end":{"line":33,"column":1}},"3":{"start":{"line":36,"column":0},"end":{"line":36,"column":69}},"4":{"start":{"line":39,"column":0},"end":{"line":39,"column":66}}},"fnMap":{},"branchMap":{},"s":{"0":1,"1":1,"2":1,"3":1,"4":1},"f":{},"b":{},"_coverageSchema":"1a1c01bbd47fc00a2c39e90264f33305004495a9","hash":"324347404f38b95e2646172a7ce8b077421dc1a7"}
,"/Users/fahmialfareza/Code/My Code/Glints/Glints Batch #13/boilerplate/Afternoon Class/Week 6/day28/models/user.js": {"path":"/Users/fahmialfareza/Code/My Code/Glints/Glints Batch #13/boilerplate/Afternoon Class/Week 6/day28/models/user.js","statementMap":{"0":{"start":{"line":1,"column":17},"end":{"line":1,"column":36}},"1":{"start":{"line":2,"column":23},"end":{"line":2,"column":49}},"2":{"start":{"line":3,"column":15},"end":{"line":3,"column":32}},"3":{"start":{"line":5,"column":19},"end":{"line":34,"column":1}},"4":{"start":{"line":37,"column":2},"end":{"line":37,"column":39}},"5":{"start":{"line":41,"column":0},"end":{"line":41,"column":62}},"6":{"start":{"line":43,"column":0},"end":{"line":43,"column":52}}},"fnMap":{"0":{"name":"setPassword","decl":{"start":{"line":36,"column":9},"end":{"line":36,"column":20}},"loc":{"start":{"line":36,"column":31},"end":{"line":38,"column":1}},"line":36}},"branchMap":{},"s":{"0":1,"1":1,"2":1,"3":1,"4":0,"5":1,"6":1},"f":{"0":0},"b":{},"_coverageSchema":"1a1c01bbd47fc00a2c39e90264f33305004495a9","hash":"272f2383ba33a9525c9e8399191b55e980f3cfd1"}
,"/Users/fahmialfareza/Code/My Code/Glints/Glints Batch #13/boilerplate/Afternoon Class/Week 6/day28/routes/auth.js": {"path":"/Users/fahmialfareza/Code/My Code/Glints/Glints Batch #13/boilerplate/Afternoon Class/Week 6/day28/routes/auth.js","statementMap":{"0":{"start":{"line":1,"column":16},"end":{"line":1,"column":34}},"1":{"start":{"line":4,"column":27},"end":{"line":4,"column":57}},"2":{"start":{"line":10,"column":4},"end":{"line":10,"column":45}},"3":{"start":{"line":13,"column":21},"end":{"line":13,"column":51}},"4":{"start":{"line":16,"column":15},"end":{"line":16,"column":31}},"5":{"start":{"line":19,"column":0},"end":{"line":19,"column":58}},"6":{"start":{"line":20,"column":0},"end":{"line":20,"column":58}},"7":{"start":{"line":23,"column":0},"end":{"line":23,"column":24}}},"fnMap":{},"branchMap":{},"s":{"0":1,"1":1,"2":1,"3":1,"4":1,"5":1,"6":1,"7":1},"f":{},"b":{},"_coverageSchema":"1a1c01bbd47fc00a2c39e90264f33305004495a9","hash":"53a6135be23559de9a44444327d8d56c4d0c3590"}
,"/Users/fahmialfareza/Code/My Code/Glints/Glints Batch #13/boilerplate/Afternoon Class/Week 6/day28/routes/transactions.js": {"path":"/Users/fahmialfareza/Code/My Code/Glints/Glints Batch #13/boilerplate/Afternoon Class/Week 6/day28/routes/transactions.js","statementMap":{"0":{"start":{"line":1,"column":16},"end":{"line":1,"column":34}},"1":{"start":{"line":4,"column":37},"end":{"line":4,"column":67}},"2":{"start":{"line":10,"column":4},"end":{"line":10,"column":53}},"3":{"start":{"line":19,"column":4},"end":{"line":19,"column":42}},"4":{"start":{"line":22,"column":15},"end":{"line":22,"column":31}},"5":{"start":{"line":25,"column":0},"end":{"line":25,"column":72}},"6":{"start":{"line":26,"column":0},"end":{"line":26,"column":36}},"7":{"start":{"line":28,"column":0},"end":{"line":28,"column":67}},"8":{"start":{"line":29,"column":0},"end":{"line":29,"column":74}},"9":{"start":{"line":30,"column":0},"end":{"line":30,"column":41}},"10":{"start":{"line":33,"column":0},"end":{"line":33,"column":24}}},"fnMap":{},"branchMap":{},"s":{"0":1,"1":1,"2":1,"3":1,"4":1,"5":1,"6":1,"7":1,"8":1,"9":1,"10":1},"f":{},"b":{},"_coverageSchema":"1a1c01bbd47fc00a2c39e90264f33305004495a9","hash":"6f81c94ec3d3559c9d44c0ead5b7725251f356fc"}
}
